<?xml version="1.0" encoding="UTF-8"?>
<!-- Generated by org.testng.reporters.JUnitReportReporter -->
<testsuite hostname="DESKTOP-S5MMF0I" failures="0" tests="1" name="com.ce.TestCases.CourseEraTest" time="55.910" errors="0" timestamp="2022-12-27T14:43:44 IST" skipped="0">
  <testcase classname="com.ce.TestCases.CourseEraTest" name="CourseEra" time="55.910"/>
  <system-out/>
</testsuite> <!-- com.ce.TestCases.CourseEraTest -->
